2023-09-28 17:14:20,248 INFO o.a.j.u.JMeterUtils: Setting Locale to en_US
2023-09-28 17:14:20,326 INFO o.a.j.JMeter: Loading user properties from: user.properties
2023-09-28 17:14:20,326 INFO o.a.j.JMeter: Loading system properties from: system.properties
2023-09-28 17:14:20,364 INFO o.a.j.JMeter: Copyright (c) 1998-2022 The Apache Software Foundation
2023-09-28 17:14:20,364 INFO o.a.j.JMeter: Version 5.5
2023-09-28 17:14:20,364 INFO o.a.j.JMeter: java.version=20.0.1
2023-09-28 17:14:20,364 INFO o.a.j.JMeter: java.vm.name=Java HotSpot(TM) 64-Bit Server VM
2023-09-28 17:14:20,364 INFO o.a.j.JMeter: os.name=Windows 10
2023-09-28 17:14:20,364 INFO o.a.j.JMeter: os.arch=amd64
2023-09-28 17:14:20,364 INFO o.a.j.JMeter: os.version=10.0
2023-09-28 17:14:20,364 INFO o.a.j.JMeter: file.encoding=UTF-8
2023-09-28 17:14:20,364 INFO o.a.j.JMeter: java.awt.headless=null
2023-09-28 17:14:20,364 INFO o.a.j.JMeter: Max memory     =2086666240
2023-09-28 17:14:20,364 INFO o.a.j.JMeter: Available Processors =8
2023-09-28 17:14:20,364 INFO o.a.j.JMeter: Default Locale=English (United States)
2023-09-28 17:14:20,364 INFO o.a.j.JMeter: JMeter  Locale=English (United States)
2023-09-28 17:14:20,364 INFO o.a.j.JMeter: JMeterHome=D:\apache-jmeter-5.5\apache-jmeter-5.5
2023-09-28 17:14:20,364 INFO o.a.j.JMeter: user.dir  =D:\apache-jmeter-5.5\apache-jmeter-5.5\bin
2023-09-28 17:14:20,364 INFO o.a.j.JMeter: PWD       =D:\apache-jmeter-5.5\apache-jmeter-5.5\bin
2023-09-28 17:14:24,916 INFO o.a.j.JMeter: IP: 192.168.56.1 Name: DESKTOP-O1D9P3E FullName: DESKTOP-O1D9P3E
2023-09-28 17:14:24,948 INFO o.a.j.JMeter: Loaded icon properties from org/apache/jmeter/images/icon.properties
2023-09-28 17:14:25,587 INFO o.a.j.JMeterGuiLauncher: Setting LAF to: laf:com.sun.java.swing.plaf.windows.WindowsLookAndFeel
2023-09-28 17:33:58,413 INFO o.a.j.e.KeyToolUtils: keytool found at 'keytool'
2023-09-28 17:33:58,423 INFO o.a.j.p.h.p.ProxyControl: HTTP(S) Test Script Recorder SSL Proxy will use keys that support embedded 3rd party resources in file D:\apache-jmeter-5.5\apache-jmeter-5.5\bin\proxyserver.jks
2023-09-28 17:46:42,926 INFO o.a.j.s.FileServer: Default base='D:\apache-jmeter-5.5\apache-jmeter-5.5\bin'
2023-09-28 17:46:42,926 INFO o.a.j.s.FileServer: Set new base='D:\apache-jmeter-5.5\apache-jmeter-5.5\bin'
2023-09-28 17:46:43,427 INFO o.a.j.s.SaveService: Testplan (JMX) version: 2.2. Testlog (JTL) version: 2.2
2023-09-28 17:46:43,459 INFO o.a.j.s.SaveService: Using SaveService properties version 5.0
2023-09-28 17:46:43,459 INFO o.a.j.s.SaveService: Using SaveService properties file encoding UTF-8
